<?xml version="1.0" encoding="UTF-8"?>
<!-- Generated by org.testng.reporters.JUnitXMLReporter -->
<testsuite hostname="DESKTOP-9P1MDVM" ignored="0" name="Test" tests="7" failures="0" timestamp="15 Nov 2020 11:22:47 GMT" time="0.94" errors="0">
  <testcase name="reena" time="0.082" classname="com.test.jenkins.TestA"/>
  <testcase name="richa" time="0.053" classname="com.test.jenkins.TestA"/>
  <testcase name="sania" time="0.024" classname="com.test.jenkins.TestA"/>
  <testcase name="Amit" time="0.042" classname="com.test.jenkins.TestB"/>
  <testcase name="pawan" time="0.065" classname="com.test.jenkins.TestB"/>
  <testcase name="ravi" time="0.033" classname="com.test.jenkins.TestB"/>
  <testcase name="utkarsh" time="0.023" classname="com.test.jenkins.TestB"/>
</testsuite> <!-- Test -->
